2016-04-08 16:01:38 [::1][-][4frd22sn22ig02851n3behdtt5][warning][yii\log\Dispatcher::dispatch] Unable to send log via yii\debug\LogTarget: Exception (Invalid Configuration) 'yii\base\InvalidConfigException' with message 'The directory does not exist: C:/wamp/www/fimex/assets' 

in C:\wamp\www\fimex\vendor\yiisoft\yii2\web\AssetManager.php:166

Stack trace:
#0 C:\wamp\www\fimex\vendor\yiisoft\yii2\base\Object.php(107): yii\web\AssetManager->init()
#1 [internal function]: yii\base\Object->__construct(Array)
#2 C:\wamp\www\fimex\vendor\yiisoft\yii2\di\Container.php(364): ReflectionClass->newInstanceArgs(Array)
#3 C:\wamp\www\fimex\vendor\yiisoft\yii2\di\Container.php(147): yii\di\Container->build('yii\web\AssetMa...', Array, Array)
#4 C:\wamp\www\fimex\vendor\yiisoft\yii2\BaseYii.php(344): yii\di\Container->get('yii\web\AssetMa...', Array, Array)
#5 C:\wamp\www\fimex\vendor\yiisoft\yii2\di\ServiceLocator.php(133): yii\BaseYii::createObject(Array)
#6 C:\wamp\www\fimex\vendor\yiisoft\yii2\base\Application.php(600): yii\di\ServiceLocator->get('assetManager')
#7 C:\wamp\www\fimex\vendor\yiisoft\yii2\web\View.php(223): yii\base\Application->getAssetManager()
#8 C:\wamp\www\fimex\vendor\yiisoft\yii2\base\Component.php(130): yii\web\View->getAssetManager()
#9 C:\wamp\www\fimex\vendor\yiisoft\yii2-debug\panels\AssetPanel.php(53): yii\base\Component->__get('assetManager')
#10 C:\wamp\www\fimex\vendor\yiisoft\yii2-debug\LogTarget.php(55): yii\debug\panels\AssetPanel->save()
#11 C:\wamp\www\fimex\vendor\yiisoft\yii2-debug\LogTarget.php(112): yii\debug\LogTarget->export(Array)
#12 C:\wamp\www\fimex\vendor\yiisoft\yii2\log\Dispatcher.php(183): yii\debug\LogTarget->collect(Array, true)
#13 C:\wamp\www\fimex\vendor\yiisoft\yii2\log\Logger.php(170): yii\log\Dispatcher->dispatch(Array, true)
#14 [internal function]: yii\log\Logger->flush(true)
#15 {main}
2016-04-08 16:01:38 [::1][-][4frd22sn22ig02851n3behdtt5][info][application] $_SESSION = [
    '__flash' => []
]

$_SERVER = [
    'HTTP_HOST' => 'localhost'
    'HTTP_CONNECTION' => 'keep-alive'
    'HTTP_CACHE_CONTROL' => 'max-age=0'
    'HTTP_ACCEPT' => 'text/html,application/xhtml+xml,application/xml;q=0.9,image/webp,*/*;q=0.8'
    'HTTP_UPGRADE_INSECURE_REQUESTS' => '1'
    'HTTP_USER_AGENT' => 'Mozilla/5.0 (Windows NT 10.0; Win64; x64) AppleWebKit/537.36 (KHTML, like Gecko) Chrome/49.0.2623.110 Safari/537.36'
    'HTTP_ACCEPT_ENCODING' => 'gzip, deflate, sdch'
    'HTTP_ACCEPT_LANGUAGE' => 'es-419,es;q=0.8,en;q=0.6'
    'PATH' => 'C:\\ProgramData\\Oracle\\Java\\javapath;C:\\WINDOWS\\system32;C:\\WINDOWS;C:\\WINDOWS\\System32\\Wbem;C:\\WINDOWS\\System32\\WindowsPowerShell\\v1.0\\;C:\\Program Files (x86)\\Skype\\Phone\\;C:\\wamp\\bin\\php\\php5.4.3\\;C:\\wamp\\bin\\apache\\apache2.2.22\\;C:\\wamp\\www\\;C:\\Program Files\\Microsoft SQL Server\\Client SDK\\ODBC\\110\\Tools\\Binn\\;C:\\Program Files (x86)\\Microsoft SQL Server\\120\\Tools\\Binn\\ManagementStudio\\;C:\\Program Files (x86)\\Microsoft SQL Server\\120\\Tools\\Binn\\;C:\\Program Files\\Microsoft SQL Server\\120\\Tools\\Binn\\;C:\\Program Files (x86)\\Microsoft SQL Server\\120\\DTS\\Binn\\;C:\\Program Files\\Microsoft SQL Server\\120\\DTS\\Binn\\;C:\\Program Files (x86)\\Mono\\bin;C:\\mono\\GtkSharp\\2.12\\bin;C:\\Program Files\\Microsoft SQL Server\\110\\Tools\\Binn\\;C:\\Program Files (x86)\\Microsoft SDKs\\TypeScript\\1.0\\;C:\\ProgramData\\ComposerSetup\\bin;'
    'SystemRoot' => 'C:\\WINDOWS'
    'COMSPEC' => 'C:\\WINDOWS\\system32\\cmd.exe'
    'PATHEXT' => '.COM;.EXE;.BAT;.CMD;.VBS;.VBE;.JS;.JSE;.WSF;.WSH;.MSC'
    'WINDIR' => 'C:\\WINDOWS'
    'SERVER_SIGNATURE' => ''
    'SERVER_SOFTWARE' => 'Apache/2.2.22 (Win32) PHP/5.4.3'
    'SERVER_NAME' => 'localhost'
    'SERVER_ADDR' => '::1'
    'SERVER_PORT' => '80'
    'REMOTE_ADDR' => '::1'
    'DOCUMENT_ROOT' => 'C:/wamp/www'
    'SERVER_ADMIN' => 'admin@localhost'
    'SCRIPT_FILENAME' => 'C:/wamp/www/fimex/index.php'
    'REMOTE_PORT' => '53148'
    'GATEWAY_INTERFACE' => 'CGI/1.1'
    'SERVER_PROTOCOL' => 'HTTP/1.1'
    'REQUEST_METHOD' => 'GET'
    'QUERY_STRING' => ''
    'REQUEST_URI' => '/fimex/'
    'SCRIPT_NAME' => '/fimex/index.php'
    'PHP_SELF' => '/fimex/index.php'
    'REQUEST_TIME_FLOAT' => 1460131298.051
    'REQUEST_TIME' => 1460131298
]
2016-04-08 16:01:38 [::1][-][-][error][yii\base\ErrorException:256] exception 'yii\base\ErrorException' with message 'Exception (Invalid Configuration) 'yii\base\InvalidConfigException' with message 'The directory does not exist: C:/wamp/www/fimex/assets' 

in C:\wamp\www\fimex\vendor\yiisoft\yii2\web\AssetManager.php:166

Stack trace:
#0 C:\wamp\www\fimex\vendor\yiisoft\yii2\base\Object.php(107): yii\web\AssetManager->init()
#1 [internal function]: yii\base\Object->__construct(Array)
#2 C:\wamp\www\fimex\vendor\yiisoft\yii2\di\Container.php(364): ReflectionClass->newInstanceArgs(Array)
#3 C:\wamp\www\fimex\vendor\yiisoft\yii2\di\Container.php(147): yii\di\Container->build('yii\web\AssetMa...', Array, Array)
#4 C:\wamp\www\fimex\vendor\yiisoft\yii2\BaseYii.php(344): yii\di\Container->get('yii\web\AssetMa...', Array, Array)
#5 C:\wamp\www\fimex\vendor\yiisoft\yii2\di\ServiceLocator.php(133): yii\BaseYii::createObject(Array)
#6 C:\wamp\www\fimex\vendor\yiisoft\yii2\base\Application.php(600): yii\di\ServiceLocator->get('assetManager')
#7 C:\wamp\www\fimex\vendor\yiisoft\yii2\web\View.php(223): yii\base\Application->getAssetManager()
#8 C:\wamp\www\fimex\vendor\yiisoft\yii2\web\View.php(283): yii\web\View->getAssetManager()
#9 C:\wamp\www\fimex\vendor\yiisoft\yii2\web\AssetBundle.php(118): yii\web\View->registerAssetBundle('yii\validators\...')
#10 C:\wamp\www\fimex\vendor\yiisoft\yii2\validators\RequiredValidator.php(108): yii\web\AssetBundle::register(Object(yii\web\View))
#11 C:\wamp\www\fimex\vendor\yiisoft\yii2\widgets\ActiveField.php(712): yii\validators\RequiredValidator->clientValidateAttribute(Object(common\models\LoginForm), 'username', Object(yii\web\View))
#12 C:\wamp\www\fimex\vendor\yiisoft\yii2\widgets\ActiveField.php(203): yii\widgets\ActiveField->getClientOptions()
#13 C:\wamp\www\fimex\vendor\yiisoft\yii2\widgets\ActiveField.php(193): yii\widgets\ActiveField->begin()
#14 C:\wamp\www\fimex\vendor\yiisoft\yii2-bootstrap\ActiveField.php(188): yii\widgets\ActiveField->render(NULL)
#15 C:\wamp\www\fimex\vendor\yiisoft\yii2\widgets\ActiveField.php(149): yii\bootstrap\ActiveField->render()
#16 C:\wamp\www\fimex\frontend\views\site\login.php(23): yii\widgets\ActiveField->__toString()
#17 C:\wamp\www\fimex\vendor\yiisoft\yii2\base\View.php(325): require('C:\wamp\www\fim...')
#18 C:\wamp\www\fimex\vendor\yiisoft\yii2\base\View.php(247): yii\base\View->renderPhpFile('C:\wamp\www\fim...', Array)
#19 C:\wamp\www\fimex\vendor\yiisoft\yii2\base\View.php(149): yii\base\View->renderFile('C:\wamp\www\fim...', Array, Object(frontend\controllers\SiteController))
#20 C:\wamp\www\fimex\vendor\yiisoft\yii2\base\Controller.php(367): yii\base\View->render('login', Array, Object(frontend\controllers\SiteController))
#21 C:\wamp\www\fimex\frontend\controllers\SiteController.php(103): yii\base\Controller->render('login', Array)
#22 [internal function]: frontend\controllers\SiteController->actionLogin()
#23 C:\wamp\www\fimex\vendor\yiisoft\yii2\base\InlineAction.php(55): call_user_func_array(Array, Array)
#24 C:\wamp\www\fimex\vendor\yiisoft\yii2\base\Controller.php(151): yii\base\InlineAction->runWithParams(Array)
#25 C:\wamp\www\fimex\vendor\yiisoft\yii2\base\Module.php(455): yii\base\Controller->runAction('login', Array)
#26 C:\wamp\www\fimex\vendor\yiisoft\yii2\web\Application.php(83): yii\base\Module->runAction('site/login', Array)
#27 C:\wamp\www\fimex\vendor\yiisoft\yii2\base\Application.php(375): yii\web\Application->handleRequest(Object(yii\web\Request))
#28 C:\wamp\www\fimex\index.php(19): yii\base\Application->run()
#29 {main}' in C:\wamp\www\fimex\vendor\yiisoft\yii2\base\ErrorHandler.php:233
Stack trace:
#0 C:\wamp\www\fimex\vendor\yiisoft\yii2\widgets\ActiveField.php(151): yii\base\ErrorHandler::convertExceptionToError()
#1 C:\wamp\www\fimex\vendor\yiisoft\yii2\base\View.php(23): yii\widgets\ActiveField->__toString()
#2 C:\wamp\www\fimex\vendor\yiisoft\yii2\base\View.php(325): ::unknown()
#3 C:\wamp\www\fimex\vendor\yiisoft\yii2\base\View.php(247): yii\base\View->renderPhpFile()
#4 C:\wamp\www\fimex\vendor\yiisoft\yii2\base\View.php(149): yii\base\View->renderFile()
#5 C:\wamp\www\fimex\vendor\yiisoft\yii2\base\Controller.php(367): yii\base\View->render()
#6 C:\wamp\www\fimex\frontend\controllers\SiteController.php(103): yii\base\Controller->render()
#7 C:\wamp\www\fimex\vendor\yiisoft\yii2\base\InlineAction.php(55): frontend\controllers\SiteController->actionLogin()
#8 C:\wamp\www\fimex\vendor\yiisoft\yii2\base\InlineAction.php(55): ::call_user_func_array()
#9 C:\wamp\www\fimex\vendor\yiisoft\yii2\base\Controller.php(151): yii\base\InlineAction->runWithParams()
#10 C:\wamp\www\fimex\vendor\yiisoft\yii2\base\Module.php(455): yii\base\Controller->runAction()
#11 C:\wamp\www\fimex\vendor\yiisoft\yii2\web\Application.php(83): yii\base\Module->runAction()
#12 C:\wamp\www\fimex\vendor\yiisoft\yii2\base\Application.php(375): yii\web\Application->handleRequest()
#13 C:\wamp\www\fimex\index.php(19): yii\base\Application->run()
#14 {main}
    in C:\wamp\www\fimex\frontend\views\site\login.php:23
    in C:\wamp\www\fimex\frontend\controllers\SiteController.php:103
2016-04-08 16:01:38 [::1][-][-][info][application] $_COOKIE = [
    'PHPSESSID' => '4frd22sn22ig02851n3behdtt5'
]

$_SESSION = [
    '__flash' => []
]

$_SERVER = [
    'REDIRECT_STATUS' => '200'
    'HTTP_HOST' => 'localhost'
    'HTTP_CONNECTION' => 'keep-alive'
    'HTTP_CACHE_CONTROL' => 'max-age=0'
    'HTTP_ACCEPT' => 'text/html,application/xhtml+xml,application/xml;q=0.9,image/webp,*/*;q=0.8'
    'HTTP_UPGRADE_INSECURE_REQUESTS' => '1'
    'HTTP_USER_AGENT' => 'Mozilla/5.0 (Windows NT 10.0; Win64; x64) AppleWebKit/537.36 (KHTML, like Gecko) Chrome/49.0.2623.110 Safari/537.36'
    'HTTP_ACCEPT_ENCODING' => 'gzip, deflate, sdch'
    'HTTP_ACCEPT_LANGUAGE' => 'es-419,es;q=0.8,en;q=0.6'
    'HTTP_COOKIE' => 'PHPSESSID=4frd22sn22ig02851n3behdtt5'
    'PATH' => 'C:\\ProgramData\\Oracle\\Java\\javapath;C:\\WINDOWS\\system32;C:\\WINDOWS;C:\\WINDOWS\\System32\\Wbem;C:\\WINDOWS\\System32\\WindowsPowerShell\\v1.0\\;C:\\Program Files (x86)\\Skype\\Phone\\;C:\\wamp\\bin\\php\\php5.4.3\\;C:\\wamp\\bin\\apache\\apache2.2.22\\;C:\\wamp\\www\\;C:\\Program Files\\Microsoft SQL Server\\Client SDK\\ODBC\\110\\Tools\\Binn\\;C:\\Program Files (x86)\\Microsoft SQL Server\\120\\Tools\\Binn\\ManagementStudio\\;C:\\Program Files (x86)\\Microsoft SQL Server\\120\\Tools\\Binn\\;C:\\Program Files\\Microsoft SQL Server\\120\\Tools\\Binn\\;C:\\Program Files (x86)\\Microsoft SQL Server\\120\\DTS\\Binn\\;C:\\Program Files\\Microsoft SQL Server\\120\\DTS\\Binn\\;C:\\Program Files (x86)\\Mono\\bin;C:\\mono\\GtkSharp\\2.12\\bin;C:\\Program Files\\Microsoft SQL Server\\110\\Tools\\Binn\\;C:\\Program Files (x86)\\Microsoft SDKs\\TypeScript\\1.0\\;C:\\ProgramData\\ComposerSetup\\bin;'
    'SystemRoot' => 'C:\\WINDOWS'
    'COMSPEC' => 'C:\\WINDOWS\\system32\\cmd.exe'
    'PATHEXT' => '.COM;.EXE;.BAT;.CMD;.VBS;.VBE;.JS;.JSE;.WSF;.WSH;.MSC'
    'WINDIR' => 'C:\\WINDOWS'
    'SERVER_SIGNATURE' => ''
    'SERVER_SOFTWARE' => 'Apache/2.2.22 (Win32) PHP/5.4.3'
    'SERVER_NAME' => 'localhost'
    'SERVER_ADDR' => '::1'
    'SERVER_PORT' => '80'
    'REMOTE_ADDR' => '::1'
    'DOCUMENT_ROOT' => 'C:/wamp/www'
    'SERVER_ADMIN' => 'admin@localhost'
    'SCRIPT_FILENAME' => 'C:/wamp/www/fimex/index.php'
    'REMOTE_PORT' => '53148'
    'REDIRECT_URL' => '/fimex/site/login'
    'GATEWAY_INTERFACE' => 'CGI/1.1'
    'SERVER_PROTOCOL' => 'HTTP/1.1'
    'REQUEST_METHOD' => 'GET'
    'QUERY_STRING' => ''
    'REQUEST_URI' => '/fimex/site/login'
    'SCRIPT_NAME' => '/fimex/index.php'
    'PHP_SELF' => '/fimex/index.php'
    'REQUEST_TIME_FLOAT' => 1460131298.608
    'REQUEST_TIME' => 1460131298
]
2016-04-08 16:01:38 [::1][-][4frd22sn22ig02851n3behdtt5][warning][yii\log\Dispatcher::dispatch] Unable to send log via yii\debug\LogTarget: Exception (Invalid Configuration) 'yii\base\InvalidConfigException' with message 'The directory does not exist: C:/wamp/www/fimex/assets' 

in C:\wamp\www\fimex\vendor\yiisoft\yii2\web\AssetManager.php:166

Stack trace:
#0 C:\wamp\www\fimex\vendor\yiisoft\yii2\base\Object.php(107): yii\web\AssetManager->init()
#1 [internal function]: yii\base\Object->__construct(Array)
#2 C:\wamp\www\fimex\vendor\yiisoft\yii2\di\Container.php(364): ReflectionClass->newInstanceArgs(Array)
#3 C:\wamp\www\fimex\vendor\yiisoft\yii2\di\Container.php(147): yii\di\Container->build('yii\web\AssetMa...', Array, Array)
#4 C:\wamp\www\fimex\vendor\yiisoft\yii2\BaseYii.php(344): yii\di\Container->get('yii\web\AssetMa...', Array, Array)
#5 C:\wamp\www\fimex\vendor\yiisoft\yii2\di\ServiceLocator.php(133): yii\BaseYii::createObject(Array)
#6 C:\wamp\www\fimex\vendor\yiisoft\yii2\base\Application.php(600): yii\di\ServiceLocator->get('assetManager')
#7 C:\wamp\www\fimex\vendor\yiisoft\yii2\web\View.php(223): yii\base\Application->getAssetManager()
#8 C:\wamp\www\fimex\vendor\yiisoft\yii2\base\Component.php(130): yii\web\View->getAssetManager()
#9 C:\wamp\www\fimex\vendor\yiisoft\yii2-debug\panels\AssetPanel.php(53): yii\base\Component->__get('assetManager')
#10 C:\wamp\www\fimex\vendor\yiisoft\yii2-debug\LogTarget.php(55): yii\debug\panels\AssetPanel->save()
#11 C:\wamp\www\fimex\vendor\yiisoft\yii2-debug\LogTarget.php(112): yii\debug\LogTarget->export(Array)
#12 C:\wamp\www\fimex\vendor\yiisoft\yii2\log\Dispatcher.php(183): yii\debug\LogTarget->collect(Array, true)
#13 C:\wamp\www\fimex\vendor\yiisoft\yii2\log\Logger.php(170): yii\log\Dispatcher->dispatch(Array, true)
#14 [internal function]: yii\log\Logger->flush(true)
#15 {main}
2016-04-08 16:01:38 [::1][-][4frd22sn22ig02851n3behdtt5][info][application] $_COOKIE = [
    'PHPSESSID' => '4frd22sn22ig02851n3behdtt5'
]

$_SESSION = [
    '__flash' => []
]

$_SERVER = [
    'REDIRECT_STATUS' => '200'
    'HTTP_HOST' => 'localhost'
    'HTTP_CONNECTION' => 'keep-alive'
    'HTTP_CACHE_CONTROL' => 'max-age=0'
    'HTTP_ACCEPT' => 'text/html,application/xhtml+xml,application/xml;q=0.9,image/webp,*/*;q=0.8'
    'HTTP_UPGRADE_INSECURE_REQUESTS' => '1'
    'HTTP_USER_AGENT' => 'Mozilla/5.0 (Windows NT 10.0; Win64; x64) AppleWebKit/537.36 (KHTML, like Gecko) Chrome/49.0.2623.110 Safari/537.36'
    'HTTP_ACCEPT_ENCODING' => 'gzip, deflate, sdch'
    'HTTP_ACCEPT_LANGUAGE' => 'es-419,es;q=0.8,en;q=0.6'
    'HTTP_COOKIE' => 'PHPSESSID=4frd22sn22ig02851n3behdtt5'
    'PATH' => 'C:\\ProgramData\\Oracle\\Java\\javapath;C:\\WINDOWS\\system32;C:\\WINDOWS;C:\\WINDOWS\\System32\\Wbem;C:\\WINDOWS\\System32\\WindowsPowerShell\\v1.0\\;C:\\Program Files (x86)\\Skype\\Phone\\;C:\\wamp\\bin\\php\\php5.4.3\\;C:\\wamp\\bin\\apache\\apache2.2.22\\;C:\\wamp\\www\\;C:\\Program Files\\Microsoft SQL Server\\Client SDK\\ODBC\\110\\Tools\\Binn\\;C:\\Program Files (x86)\\Microsoft SQL Server\\120\\Tools\\Binn\\ManagementStudio\\;C:\\Program Files (x86)\\Microsoft SQL Server\\120\\Tools\\Binn\\;C:\\Program Files\\Microsoft SQL Server\\120\\Tools\\Binn\\;C:\\Program Files (x86)\\Microsoft SQL Server\\120\\DTS\\Binn\\;C:\\Program Files\\Microsoft SQL Server\\120\\DTS\\Binn\\;C:\\Program Files (x86)\\Mono\\bin;C:\\mono\\GtkSharp\\2.12\\bin;C:\\Program Files\\Microsoft SQL Server\\110\\Tools\\Binn\\;C:\\Program Files (x86)\\Microsoft SDKs\\TypeScript\\1.0\\;C:\\ProgramData\\ComposerSetup\\bin;'
    'SystemRoot' => 'C:\\WINDOWS'
    'COMSPEC' => 'C:\\WINDOWS\\system32\\cmd.exe'
    'PATHEXT' => '.COM;.EXE;.BAT;.CMD;.VBS;.VBE;.JS;.JSE;.WSF;.WSH;.MSC'
    'WINDIR' => 'C:\\WINDOWS'
    'SERVER_SIGNATURE' => ''
    'SERVER_SOFTWARE' => 'Apache/2.2.22 (Win32) PHP/5.4.3'
    'SERVER_NAME' => 'localhost'
    'SERVER_ADDR' => '::1'
    'SERVER_PORT' => '80'
    'REMOTE_ADDR' => '::1'
    'DOCUMENT_ROOT' => 'C:/wamp/www'
    'SERVER_ADMIN' => 'admin@localhost'
    'SCRIPT_FILENAME' => 'C:/wamp/www/fimex/index.php'
    'REMOTE_PORT' => '53148'
    'REDIRECT_URL' => '/fimex/site/login'
    'GATEWAY_INTERFACE' => 'CGI/1.1'
    'SERVER_PROTOCOL' => 'HTTP/1.1'
    'REQUEST_METHOD' => 'GET'
    'QUERY_STRING' => ''
    'REQUEST_URI' => '/fimex/site/login'
    'SCRIPT_NAME' => '/fimex/index.php'
    'PHP_SELF' => '/fimex/index.php'
    'REQUEST_TIME_FLOAT' => 1460131298.608
    'REQUEST_TIME' => 1460131298
]
